03/12/2021 10:29:15 AM : __main__ :
Traceback (most recent call last):
  File "D:\Pycharm Workshop\ProblemsSolvedUsingPython\functional_programs\sum_of_three_int_adds_to_zero.py", line 51, in <module>
    len_arr = int(input('Enter how many elements you want to enter to get a triplet of sum zero : '))
ValueError: invalid literal for int() with base 10: 'chgcj'
03/12/2021 10:34:45 AM : __main__ : 
Traceback (most recent call last):
  File "D:\Pycharm Workshop\ProblemsSolvedUsingPython\functional_programs\sum_of_three_int_adds_to_zero.py", line 52, in <module>
    len_arr = int(input('Enter how many elements you want to enter to get a triplet of sum zero : '))
ValueError: invalid literal for int() with base 10: 'hjvsfk'

03/26/2021 01:39:57 PM : logging_configuration.logging_config : 
Traceback (most recent call last):
  File "D:\Pycharm Workshop\ProblemsSolvedUsingPython\functional_programs\sum_of_three_int_adds_to_zero.py", line 53, in <module>
    len_array = int(input('Enter how many elements you want to enter to get a triplet of sum zero : '))
ValueError: invalid literal for int() with base 10: 'k'
03/26/2021 01:40:18 PM : logging_configuration.logging_config : 
Traceback (most recent call last):
  File "D:\Pycharm Workshop\ProblemsSolvedUsingPython\functional_programs\sum_of_three_int_adds_to_zero.py", line 53, in <module>
    len_array = int(input('Enter how many elements you want to enter to get a triplet of sum zero : '))
ValueError: invalid literal for int() with base 10: 'k'
